Test_PhaseShifter_Spec: 
10.0	-16.326256	
20.0	-16.642448	
30.0	-16.968869	
40.0	-17.28132	
50.0	-17.84425	
60.0	-18.501056	
70.0	-19.339554	
80.0	-19.51005	
90.0	-20.482441	
100.0	-20.664546	
110.0	-21.262381	
120.0	-22.03883	
130.0	-22.436436	
140.0	-23.363866	
150.0	-22.899437	
160.0	-23.568987	
170.0	-24.551026	
180.0	-24.086994	
190.0	-24.704595	
200.0	-24.405368	
210.0	-25.554724	
220.0	-25.904133	
230.0	-25.711911	
240.0	-26.035068	
250.0	-26.390252	
260.0	-26.677802	
270.0	-26.239931	
280.0	-26.783063	
290.0	-27.511964	
300.0	-28.110155	
300.0	-27.354386	


Test_PhaseShifter_Spec: 
1520.0	-9.364105	
1521.0	-9.996196	
1522.0	-10.25108	
1523.0	-10.49891	
1524.0	-10.90689	
1525.0	-10.03234	
1526.0	-9.791137	
1527.0	-10.15536	
1528.0	-9.813426	
1529.0	-9.457541	
1530.0	-8.936945	
1531.0	-8.924337	
1532.0	-8.6575	
1533.0	-8.228886	
1534.0	-7.812844	
1535.0	-7.475311	
1536.0	-7.915031	
1537.0	-7.591908	
1538.0	-7.276667	
1539.0	-6.743913	
1540.0	-6.807938	
1541.0	-6.859122	
1542.0	-6.987819	
1543.0	-7.076559	
1544.0	-6.497831	
1545.0	-6.713879	
1546.0	-6.406566	
1547.0	-6.701959	
1548.0	-7.040872	
1549.0	-6.698811	
1550.0	-6.644595	
1551.0	-6.5597	
1552.0	-7.067196	
1553.0	-7.054642	
1554.0	-7.032797	
1555.0	-7.004494	
1556.0	-6.832262	
1557.0	-7.048761	
1558.0	-7.514831	
1559.0	-7.803951	
1560.0	-7.209363	
1561.0	-7.685527	
1562.0	-7.368813	
1563.0	-7.722008	
1564.0	-7.418391	
1565.0	-8.30939	
1566.0	-8.474296	
1567.0	-8.906947	
1568.0	-9.153569	
1569.0	-18.80711	
1570.0	-9.332376	
1571.0	-9.903817	
1572.0	-10.04948	
1573.0	-10.54105	
1574.0	-11.02056	
1575.0	-11.40407	
1576.0	-11.59045	
1577.0	-11.22032	
1578.0	-11.48876	
1579.0	-11.31672	
1580.0	-10.99277	


Set_EDFA_Power: 
0


Test_PhaseShifter_Spec: 
1550.0	-11.39471	
1550.05	-9.67802	
1550.1	-9.619205	
1550.15	-9.710334	
1550.2	-9.792851	
1550.25	-9.885872	
1550.3	-10.00119	
1550.35	-9.906639	
1550.4	-9.771055	
1550.45	-9.755671	
1550.5	-9.633207	
1550.55	-9.537462	
1550.6	-9.465248	
1550.65	-9.516348	
1550.7	-9.574369	
1550.75	-9.647632	
1550.8	-9.683562	
1550.85	-9.917446	
1550.9	-9.80688	
1550.95	-9.986741	
1551.0	-9.913531	
1551.05	-10.02899	
1551.1	-10.15256	
1551.15	-10.19094	
1551.2	-10.31174	
1551.25	-10.25572	
1551.3	-10.20694	
1551.35	-10.25902	
1551.4	-10.1636	
1551.45	-10.16526	
1551.5	-10.04539	
1551.55	-9.920807	
1551.6	-9.791016	
1551.65	-9.728982	
1551.7	-9.556949	
1551.75	-9.517623	
1551.8	-9.583814	
1551.85	-9.665109	
1551.9	-9.958273	
1551.95	-9.983904	
1552.0	-10.08363	
1552.05	-10.12168	
1552.1	-10.31225	
1552.15	-10.37678	
1552.2	-10.39528	
1552.25	-10.54422	
1552.3	-10.70474	
1552.35	-10.84503	
1552.4	-10.97198	
1552.45	-10.9163	
1552.5	-10.81273	
1552.55	-10.662	
1552.6	-10.46805	
1552.65	-10.26115	
1552.7	-10.18528	
1552.75	-10.09358	
1552.8	-10.01812	
1552.85	-9.91567	
1552.9	-9.937062	
1552.95	-9.915805	
1553.0	-10.13442	
1553.05	-10.2884	
1553.1	-10.41666	
1553.15	-10.65954	
1553.2	-10.81636	
1553.25	-11.04426	
1553.3	-11.16998	
1553.35	-11.11226	
1553.4	-11.0965	
1553.45	-11.12726	
1553.5	-10.86648	
1553.55	-10.95141	
1553.6	-10.77123	
1553.65	-10.54418	
1553.7	-10.30265	
1553.75	-10.20803	
1553.8	-10.03127	
1553.85	-9.810609	
1553.9	-9.755392	
1553.95	-9.750074	
1554.0	-9.752878	
1554.05	-9.918804	
1554.1	-10.05208	
1554.15	-10.09441	
1554.2	-10.31078	
1554.25	-10.40829	
1554.3	-10.36257	
1554.35	-10.49221	
1554.4	-10.45904	
1554.45	-10.67952	
1554.5	-10.67764	
1554.55	-10.71772	
1554.6	-10.64774	
1554.65	-10.58224	
1554.7	-10.56608	
1554.75	-10.30433	
1554.8	-10.05676	
1554.85	-9.90134	
1554.9	-9.843129	
1554.95	-9.901996	
1555.0	-9.918756	


Test_Ring_Bot_Res_Shift: 
1538.0	-13.87894	
1538.01	-12.32025	
1538.02	-11.90943	
1538.03	-11.79109	
1538.04	-11.7583	
1538.05	-11.64922	
1538.06	-11.67588	
1538.07	-11.67406	
1538.08	-11.7005	
1538.09	-11.70106	
1538.1	-11.7158	
1538.11	-11.82631	
1538.12	-11.91575	
1538.13	-11.94471	
1538.14	-11.95693	
1538.15	-11.97898	
1538.16	-11.56874	
1538.17	-12.25297	
1538.18	-12.37325	
1538.19	-12.43084	
1538.2	-12.55409	
1538.21	-12.48555	
1538.22	-12.50847	
1538.23	-12.37763	
1538.24	-12.36257	
1538.25	-12.32857	
1538.26	-12.23444	
1538.27	-12.18837	
1538.28	-12.14292	
1538.29	-12.04683	
1538.3	-12.02468	
1538.31	-12.08446	
1538.32	-12.1447	
1538.33	-12.17761	
1538.34	-12.16687	
1538.35	-12.10299	
1538.36	-11.91842	
1538.37	-12.2267	
1538.38	-11.69714	
1538.39	-12.06046	
1538.4	-11.58216	
1538.41	-11.51575	
1538.42	-11.40121	
1538.43	-11.38648	
1538.44	-11.41006	
1538.45	-11.49187	
1538.46	-11.50484	
1538.47	-11.59446	
1538.48	-11.70274	
1538.49	-11.83683	
1538.5	-11.89702	
1538.51	-11.87349	
1538.52	-11.8574	
1538.53	-11.88513	
1538.54	-11.89436	
1538.55	-11.98246	
1538.56	-11.81213	
1538.57	-12.08459	
1538.58	-11.99435	
1538.59	-12.11737	
1538.6	-12.13388	
1538.61	-12.12149	
1538.62	-12.12624	
1538.63	-12.09483	
1538.64	-12.16716	
1538.65	-12.24183	
1538.66	-12.26388	
1538.67	-12.34008	
1538.68	-12.26259	
1538.69	-12.14134	
1538.7	-12.09899	
1538.71	-12.08256	
1538.72	-12.00913	
1538.73	-11.96315	
1538.74	-11.88703	
1538.75	-12.04738	
1538.76	-11.922	
1538.77	-12.00187	
1538.78	-11.79113	
1538.79	-11.84448	
1538.8	-11.86326	
1538.81	-11.85133	
1538.82	-11.90975	
1538.83	-11.81864	
1538.84	-11.67848	
1538.85	-11.74504	
1538.86	-11.78514	
1538.87	-11.89891	
1538.88	-11.98109	
1538.89	-12.02878	
1538.9	-11.91137	
1538.91	-11.70466	
1538.92	-11.58033	
1538.93	-11.5729	
1538.94	-11.83475	
1538.95	-11.86008	
1538.96	-11.9717	
1538.97	-12.11537	
1538.98	-12.09814	
1538.99	-12.1084	
1539.0	-12.00856	
1539.01	-11.93657	
1539.02	-11.88432	
1539.03	-11.80675	
1539.04	-11.75046	
1539.05	-11.73351	
1539.06	-11.6907	
1539.07	-11.70696	
1539.08	-11.71512	
1539.09	-11.61202	
1539.1	-11.78451	
1539.11	-11.5626	
1539.12	-11.89594	
1539.13	-12.02346	
1539.14	-12.08985	
1539.15	-12.04693	
1539.16	-11.92517	
1539.17	-12.05148	
1539.18	-12.03901	
1539.19	-12.06731	
1539.2	-12.10106	
1539.21	-12.11392	
1539.22	-12.09779	
1539.23	-12.23449	
1539.24	-12.24519	
1539.25	-12.23786	
1539.26	-12.31527	
1539.27	-12.25275	
1539.28	-12.45757	
1539.29	-12.12824	
1539.3	-12.07079	
1539.31	-11.94671	
1539.32	-11.7826	
1539.33	-11.66943	
1539.34	-11.57806	
1539.35	-11.48984	
1539.36	-11.47834	
1539.37	-11.47794	
1539.38	-11.53949	
1539.39	-11.59882	
1539.4	-11.74868	
1539.41	-11.66547	
1539.42	-11.53995	
1539.43	-11.5143	
1539.44	-11.5247	
1539.45	-11.36598	
1539.46	-11.59303	
1539.47	-11.60128	
1539.48	-11.68351	
1539.49	-11.83952	
1539.5	-11.87916	
1539.51	-11.88809	
1539.52	-11.99822	
1539.53	-12.01177	
1539.54	-11.97894	
1539.55	-11.97054	
1539.56	-11.96464	
1539.57	-11.96582	
1539.58	-11.9445	
1539.59	-12.01719	
1539.6	-12.03949	
1539.61	-12.02286	
1539.62	-11.96861	
1539.63	-11.93585	
1539.64	-11.81011	
1539.65	-11.77088	
1539.66	-12.06969	
1539.67	-11.75562	
1539.68	-12.04697	
1539.69	-11.83578	
1539.7	-11.78502	
1539.71	-11.78377	
1539.72	-11.75787	
1539.73	-11.7573	
1539.74	-11.7248	
1539.75	-11.71225	
1539.76	-11.75132	
1539.77	-11.77985	
1539.78	-11.86122	
1539.79	-11.90788	
1539.8	-11.88959	
1539.81	-11.88166	
1539.82	-11.78282	
1539.83	-11.78374	
1539.84	-11.81414	
1539.85	-11.50708	
1539.86	-12.1867	
1539.87	-12.00927	
1539.88	-12.40212	
1539.89	-12.47789	
1539.9	-12.52608	
1539.91	-12.52879	
1539.92	-12.51097	
1539.93	-12.47498	
1539.94	-12.37397	
1539.95	-12.32172	
1539.96	-12.31849	
1539.97	-12.21928	
1539.98	-12.14854	
1539.99	-12.11424	
1540.0	-12.14194	
1540.01	-12.11116	
1540.02	-12.02045	
1540.03	-11.99854	
1540.04	-12.25635	
1540.05	-11.76783	
1540.06	-11.86357	
1540.07	-11.61033	
1540.08	-11.50565	
1540.09	-11.49656	
1540.1	-11.47839	
1540.11	-11.56056	
1540.12	-11.64086	
1540.13	-11.62834	
1540.14	-11.69473	
1540.15	-11.6842	
1540.16	-11.71782	
1540.17	-11.72503	
1540.18	-11.73015	
1540.19	-11.70204	
1540.2	-11.69846	
1540.21	-11.69624	
1540.22	-11.68258	
1540.23	-11.59067	
1540.24	-11.88813	
1540.25	-12.06925	
1540.26	-12.16515	
1540.27	-12.14756	
1540.28	-12.05622	
1540.29	-11.96264	
1540.3	-11.91621	
1540.31	-11.90374	
1540.32	-11.79833	
1540.33	-11.67274	
1540.34	-11.50971	
1540.35	-11.47029	
1540.36	-11.55986	
1540.37	-11.5703	
1540.38	-11.67013	
1540.39	-11.72234	
1540.4	-11.55705	
1540.41	-11.69882	
1540.42	-11.59174	
1540.43	-11.63696	
1540.44	-11.59589	
1540.45	-11.67321	
1540.46	-11.71124	
1540.47	-11.83756	
1540.48	-11.95693	
1540.49	-11.88435	
1540.5	-11.83951	
1540.51	-11.85431	
1540.52	-11.7747	
1540.53	-11.62703	
1540.54	-11.6234	
1540.55	-11.55643	
1540.56	-11.56096	
1540.57	-11.52661	
1540.58	-11.51963	
1540.59	-11.59288	
1540.6	-11.41039	
1540.61	-11.34222	
1540.62	-11.31178	
1540.63	-11.19091	
1540.64	-11.20535	
1540.65	-11.20212	
1540.66	-11.18391	
1540.67	-11.17716	
1540.68	-11.23007	
1540.69	-11.20933	
1540.7	-11.22996	
1540.71	-11.31763	
1540.72	-11.37507	
1540.73	-11.39258	
1540.74	-11.34498	
1540.75	-11.23416	
1540.76	-10.95925	
1540.77	-11.244	
1540.78	-11.1768	
1540.79	-11.61079	
1540.8	-11.60723	
1540.81	-11.87329	
1540.82	-11.97232	
1540.83	-11.95078	
1540.84	-11.92311	
1540.85	-11.9559	
1540.86	-11.97709	
1540.87	-12.0178	
1540.88	-12.05612	
1540.89	-12.02905	
1540.9	-11.93349	
1540.91	-11.9667	
1540.92	-11.69397	
1540.93	-11.89834	
1540.94	-11.58454	
1540.95	-11.4421	
1540.96	-11.38409	
1540.97	-11.37662	
1540.98	-11.36601	
1540.99	-11.40284	
1541.0	-11.23079	
1541.01	-11.26694	
1541.02	-11.13828	
1541.03	-11.08114	
1541.04	-11.05913	
1541.05	-11.01985	
1541.06	-11.0163	
1541.07	-11.04632	
1541.08	-11.09013	
1541.09	-11.117	
1541.1	-10.86606	
1541.11	-11.18051	
1541.12	-10.9675	
1541.13	-11.36055	
1541.14	-11.37892	
1541.15	-11.51329	
1541.16	-11.64461	
1541.17	-11.72522	
1541.18	-11.88369	
1541.19	-11.94582	
1541.2	-11.97234	
1541.21	-11.96978	
1541.22	-11.93533	
1541.23	-11.93362	
1541.24	-11.90295	
1541.25	-11.89993	
1541.26	-11.88005	
1541.27	-11.88395	
1541.28	-11.84331	
1541.29	-11.73254	
1541.3	-11.73326	
1541.31	-11.6781	
1541.32	-11.70445	
1541.33	-11.74615	
1541.34	-11.71666	
1541.35	-11.78774	
1541.36	-11.8536	
1541.37	-11.98239	
1541.38	-12.01689	
1541.39	-12.15891	
1541.4	-12.33021	
1541.41	-12.49009	
1541.42	-12.75155	
1541.43	-12.83572	
1541.44	-13.02392	
1541.45	-13.22215	
1541.46	-12.16115	
1541.47	-13.69537	
1541.48	-12.70678	
1541.49	-14.0857	
1541.5	-14.18393	
1541.51	-14.36223	
1541.52	-14.50585	
1541.53	-14.70129	
1541.54	-14.91897	
1541.55	-15.04371	
1541.56	-15.34435	
1541.57	-15.43675	
1541.58	-15.31063	
1541.59	-15.46348	
1541.6	-15.94164	
1541.61	-16.28583	
1541.62	-16.30714	
1541.63	-15.21326	
1541.64	-16.3443	
1541.65	-14.87727	
1541.66	-15.00483	
1541.67	-15.14003	
1541.68	-11.22894	
1541.69	-11.23142	
1541.7	-11.22978	
1541.71	-11.20745	
1541.72	-11.16574	
1541.73	-11.13996	
1541.74	-11.09012	
1541.75	-11.0511	
1541.76	-11.00845	
1541.77	-10.98879	
1541.78	-10.98129	
1541.79	-11.0241	
1541.8	-10.91616	
1541.81	-11.09961	
1541.82	-11.10635	
1541.83	-11.11518	
1541.84	-11.10184	
1541.85	-11.11176	
1541.86	-11.13243	
1541.87	-11.18288	
1541.88	-11.21352	
1541.89	-11.16124	
1541.9	-11.13111	
1541.91	-11.08411	
1541.92	-11.03726	
1541.93	-10.99858	
1541.94	-10.94126	
1541.95	-10.897	
1541.96	-10.89776	
1541.97	-10.87752	
1541.98	-10.84728	
1541.99	-10.97958	
1542.0	-10.88808	
1542.01	-10.92591	
1542.02	-10.92468	
1542.03	-10.99826	
1542.04	-11.03503	
1542.05	-11.10027	
1542.06	-11.1641	
1542.07	-11.19592	
1542.08	-11.32539	
1542.09	-11.40536	
1542.1	-11.40345	
1542.11	-11.46573	
1542.12	-11.35146	
1542.13	-11.49277	
1542.14	-11.49832	
1542.15	-11.47049	
1542.16	-11.27867	
1542.17	-11.44989	
1542.18	-11.47504	
1542.19	-11.47635	
1542.2	-11.45919	
1542.21	-11.43801	
1542.22	-11.3409	
1542.23	-11.32501	
1542.24	-11.27673	
1542.25	-11.10672	
1542.26	-11.06719	
1542.27	-10.96604	
1542.28	-10.90607	
1542.29	-10.95498	
1542.3	-10.8965	
1542.31	-10.87343	
1542.32	-10.8034	
1542.33	-10.78201	
1542.34	-10.81888	
1542.35	-10.84615	
1542.36	-10.78962	
1542.37	-10.87821	
1542.38	-10.82889	
1542.39	-10.65123	
1542.4	-10.78805	
1542.41	-10.90058	
1542.42	-11.08164	
1542.43	-11.11991	
1542.44	-11.09502	
1542.45	-11.15256	
1542.46	-11.21676	
1542.47	-11.18041	
1542.48	-11.31893	
1542.49	-11.36625	
1542.5	-11.47773	
1542.51	-11.49264	
1542.52	-11.43339	
1542.53	-11.41193	
1542.54	-11.43593	
1542.55	-11.4375	
1542.56	-11.59625	
1542.57	-11.4325	
1542.58	-11.64988	
1542.59	-11.31572	
1542.6	-11.27155	
1542.61	-11.22718	
1542.62	-11.17052	
1542.63	-11.10822	
1542.64	-11.04373	
1542.65	-11.00877	
1542.66	-10.98796	
1542.67	-10.93325	
1542.68	-10.9048	
1542.69	-10.94417	
1542.7	-10.98577	
1542.71	-11.02952	
1542.72	-11.10315	
1542.73	-11.26011	
1542.74	-11.33834	
1542.75	-11.11403	
1542.76	-11.53211	
1542.77	-11.34225	
1542.78	-11.60257	
1542.79	-11.62822	
1542.8	-11.63031	
1542.81	-11.62801	
1542.82	-11.658	
1542.83	-11.66362	
1542.84	-11.64406	
1542.85	-11.66978	
1542.86	-11.65361	
1542.87	-11.61191	
1542.88	-11.58287	
1542.89	-11.59738	
1542.9	-11.61257	
1542.91	-11.64283	
1542.92	-11.57999	
1542.93	-11.59345	
1542.94	-11.91022	
1542.95	-11.71296	
1542.96	-12.00914	
1542.97	-11.64768	
1542.98	-11.62907	
1542.99	-11.65089	
1543.0	-11.7301	
1543.01	-11.69594	
1543.02	-11.66682	
1543.03	-11.70028	
1543.04	-11.78105	
1543.05	-11.85474	
1543.06	-11.80844	
1543.07	-11.85064	
1543.08	-11.83004	
1543.09	-11.82947	
1543.1	-11.82596	
1543.11	-11.59009	
1543.12	-11.92422	
1543.13	-11.7088	
1543.14	-11.93526	
1543.15	-11.94744	
1543.16	-11.88019	
1543.17	-11.81821	
1543.18	-11.79322	
1543.19	-11.76391	
1543.2	-11.72669	
1543.21	-11.72003	
1543.22	-11.66546	
1543.23	-11.60023	
1543.24	-11.55775	
1543.25	-11.50627	
1543.26	-11.49437	
1543.27	-11.43116	
1543.28	-11.42639	
1543.29	-11.46137	
1543.3	-11.55872	
1543.31	-11.48337	
1543.32	-11.53055	
1543.33	-11.40597	
1543.34	-11.39287	
1543.35	-11.41718	
1543.36	-11.49628	
1543.37	-11.59582	
1543.38	-11.73714	
1543.39	-11.75943	
1543.4	-11.71279	
1543.41	-11.7681	
1543.42	-11.85003	
1543.43	-11.78259	
1543.44	-11.68483	
1543.45	-11.59974	
1543.46	-11.63441	
1543.47	-11.68036	
1543.48	-11.78987	
1543.49	-11.87628	
1543.5	-12.02601	
1543.51	-12.08969	
1543.52	-11.98408	
1543.53	-11.90602	
1543.54	-11.87603	
1543.55	-11.79698	
1543.56	-11.66877	
1543.57	-11.60609	
1543.58	-11.61413	
1543.59	-11.54409	
1543.6	-11.51978	
1543.61	-11.4546	
1543.62	-11.47452	
1543.63	-11.45413	
1543.64	-11.43555	
1543.65	-11.4154	
1543.66	-11.36127	
1543.67	-11.41517	
1543.68	-11.39791	
1543.69	-11.50979	
1543.7	-11.31943	
1543.71	-11.58885	
1543.72	-11.70292	
1543.73	-11.7105	
1543.74	-11.74625	
1543.75	-11.71306	
1543.76	-11.8569	
1543.77	-11.8918	
1543.78	-11.92144	
1543.79	-11.96274	
1543.8	-11.99834	
1543.81	-12.02188	
1543.82	-12.1238	
1543.83	-12.10549	
1543.84	-12.1014	
1543.85	-12.06725	
1543.86	-12.02582	
1543.87	-12.13168	
1543.88	-11.86006	
1543.89	-12.00973	
1543.9	-11.68626	
1543.91	-11.56996	
1543.92	-11.5239	
1543.93	-11.37862	
1543.94	-11.36644	
1543.95	-11.39255	
1543.96	-11.24593	
1543.97	-11.15645	
1543.98	-11.12242	
1543.99	-11.10348	
1544.0	-11.05245	


Test_Splitter_Bot_1: 
1520.0	-33.73069	
1521.0	-34.80336	
1522.0	-35.26677	
1523.0	-35.59251	
1524.0	-35.92566	
1525.0	-36.61394	
1526.0	-36.30494	
1527.0	-35.41045	
1528.0	-33.84846	
1529.0	-34.37996	
1530.0	-34.20476	
1531.0	-35.04983	
1532.0	-34.06958	
1533.0	-33.9577	
1534.0	-33.11299	
1535.0	-32.13921	
1536.0	-33.07912	
1537.0	-32.92486	
1538.0	-33.91908	
1539.0	-32.21992	
1540.0	-32.02475	
1541.0	-32.44413	
1542.0	-31.80514	
1543.0	-32.59649	
1544.0	-31.66492	
1545.0	-32.50082	
1546.0	-32.68901	
1547.0	-32.12738	
1548.0	-32.31246	
1549.0	-31.24813	
1550.0	-32.26116	
1551.0	-32.30798	
1552.0	-32.57923	
1553.0	-33.70477	
1554.0	-32.05642	
1555.0	-32.28593	
1556.0	-32.16322	
1557.0	-32.83321	
1558.0	-33.83949	
1559.0	-33.43668	
1560.0	-33.89678	
1561.0	-33.27154	
1562.0	-32.61819	
1563.0	-33.89605	
1564.0	-33.90296	
1565.0	-35.1228	
1566.0	-34.53046	
1567.0	-34.13457	
1568.0	-34.89935	
1569.0	-34.192	
1570.0	-35.61463	
1571.0	-35.92864	
1572.0	-36.35275	
1573.0	-36.92606	
1574.0	-36.09745	
1575.0	-37.04327	
1576.0	-37.39917	
1577.0	-37.42223	
1578.0	-38.45538	
1579.0	-38.38733	


Test_Splitter_Bot_2: 
1520.0	-30.29815	
1521.0	-31.64371	
1522.0	-32.24236	
1523.0	-32.26104	
1524.0	-32.65182	
1525.0	-33.12609	
1526.0	-32.77845	
1527.0	-32.67707	
1528.0	-31.37061	
1529.0	-32.05628	
1530.0	-30.5343	
1531.0	-31.40445	
1532.0	-30.54424	
1533.0	-30.31587	
1534.0	-29.95921	
1535.0	-29.57006	
1536.0	-30.50994	
1537.0	-29.22436	
1538.0	-30.03044	
1539.0	-28.93711	
1540.0	-28.98608	
1541.0	-29.3231	
1542.0	-28.59559	
1543.0	-29.86882	
1544.0	-28.48151	
1545.0	-28.40855	
1546.0	-29.18063	
1547.0	-29.07251	
1548.0	-29.30495	
1549.0	-28.23278	
1550.0	-29.08655	
1551.0	-28.98711	
1552.0	-28.42317	
1553.0	-29.60816	
1554.0	-28.78314	
1555.0	-29.47877	
1556.0	-29.17912	
1557.0	-28.66295	
1558.0	-29.99409	
1559.0	-29.59457	
1560.0	-29.65008	
1561.0	-29.58079	
1562.0	-29.05398	
1563.0	-30.40208	
1564.0	-29.61614	
1565.0	-30.38431	
1566.0	-30.62637	
1567.0	-30.22742	
1568.0	-31.23315	
1569.0	-30.25639	
1570.0	-31.67013	
1571.0	-31.94803	
1572.0	-31.55585	
1573.0	-32.57674	
1574.0	-32.41402	
1575.0	-33.4149	
1576.0	-33.30664	
1577.0	-32.83797	
1578.0	-34.36673	
1579.0	-34.34419	


Test_Splitter_Bot_3: 
1520.0	-27.08566	
1521.0	-28.27939	
1522.0	-28.83462	
1523.0	-29.0793	
1524.0	-29.05985	
1525.0	-29.76103	
1526.0	-28.64451	
1527.0	-29.47561	
1528.0	-28.12237	
1529.0	-28.57207	
1530.0	-27.53549	
1531.0	-27.62195	
1532.0	-27.35749	
1533.0	-26.90226	
1534.0	-26.88936	
1535.0	-25.86923	
1536.0	-26.61596	
1537.0	-26.05971	
1538.0	-26.48651	
1539.0	-25.77575	
1540.0	-25.56587	
1541.0	-26.10036	
1542.0	-25.69272	
1543.0	-26.32109	
1544.0	-25.70142	
1545.0	-25.52922	
1546.0	-25.86677	
1547.0	-25.61432	
1548.0	-26.04334	
1549.0	-25.74932	
1550.0	-25.97527	
1551.0	-26.12418	
1552.0	-25.92157	
1553.0	-26.64278	
1554.0	-26.13943	
1555.0	-26.46608	
1556.0	-26.71894	
1557.0	-26.21195	
1558.0	-26.5696	
1559.0	-26.70754	
1560.0	-26.65296	
1561.0	-27.07271	
1562.0	-26.4502	
1563.0	-27.36657	
1564.0	-27.18084	
1565.0	-27.46107	
1566.0	-27.97017	
1567.0	-27.78359	
1568.0	-28.89938	
1569.0	-28.53252	
1570.0	-28.95165	
1571.0	-29.35298	
1572.0	-28.73794	
1573.0	-29.79386	
1574.0	-29.85946	
1575.0	-30.35047	
1576.0	-30.90635	
1577.0	-30.6427	
1578.0	-31.58867	
1579.0	-31.85095	


Test_Splitter_Bot_4: 
1520.0	-23.91355	
1521.0	-25.12375	
1522.0	-25.69153	
1523.0	-26.02092	
1524.0	-26.02569	
1525.0	-26.98031	
1526.0	-25.65589	
1527.0	-26.85973	
1528.0	-25.15376	
1529.0	-25.75536	
1530.0	-24.86973	
1531.0	-24.69702	
1532.0	-24.89711	
1533.0	-24.09602	
1534.0	-24.43892	
1535.0	-23.31684	
1536.0	-23.63238	
1537.0	-23.19982	
1538.0	-23.58061	
1539.0	-22.91216	
1540.0	-22.73551	
1541.0	-22.87357	
1542.0	-22.31246	
1543.0	-23.0075	
1544.0	-22.34411	
1545.0	-22.27234	
1546.0	-22.61245	
1547.0	-22.23343	
1548.0	-22.51571	
1549.0	-22.62334	
1550.0	-22.67352	
1551.0	-22.55354	
1552.0	-22.6658	
1553.0	-22.97386	
1554.0	-22.84255	
1555.0	-22.54702	
1556.0	-23.04683	
1557.0	-22.70096	
1558.0	-22.81294	
1559.0	-22.90046	
1560.0	-22.25015	
1561.0	-23.22298	
1562.0	-23.04542	
1563.0	-23.48665	
1564.0	-23.72477	
1565.0	-23.41614	
1566.0	-24.06412	
1567.0	-23.49743	
1568.0	-24.24934	
1569.0	-24.26544	
1570.0	-24.5763	
1571.0	-25.12682	
1572.0	-24.57182	
1573.0	-25.41398	
1574.0	-25.56666	
1575.0	-25.83281	
1576.0	-26.46382	
1577.0	-26.31544	
1578.0	-27.20069	
1579.0	-27.32157	


Test_Splitter_Bot_5: 
1520.0	-20.79571	
1521.0	-21.6372	
1522.0	-22.05018	
1523.0	-22.40513	
1524.0	-22.20864	
1525.0	-23.50025	
1526.0	-21.87004	
1527.0	-22.57789	
1528.0	-21.14623	
1529.0	-21.91662	
1530.0	-21.3327	
1531.0	-20.70021	
1532.0	-20.74702	
1533.0	-19.99796	
1534.0	-20.45021	
1535.0	-19.73599	
1536.0	-19.81593	
1537.0	-19.36955	
1538.0	-19.46881	
1539.0	-19.27141	
1540.0	-19.11959	
1541.0	-19.30236	
1542.0	-18.95039	
1543.0	-19.1619	
1544.0	-19.16893	
1545.0	-18.88172	
1546.0	-19.1422	
1547.0	-19.40388	
1548.0	-19.26036	
1549.0	-19.26825	
1550.0	-19.40514	
1551.0	-19.27602	
1552.0	-19.83706	
1553.0	-19.54406	
1554.0	-19.60944	
1555.0	-18.93235	
1556.0	-19.83683	
1557.0	-19.85146	
1558.0	-19.73449	
1559.0	-20.2786	
1560.0	-19.5842	
1561.0	-20.19495	
1562.0	-20.05749	
1563.0	-20.22333	
1564.0	-20.8729	
1565.0	-20.49482	
1566.0	-20.92829	
1567.0	-20.44559	
1568.0	-21.15211	
1569.0	-21.71661	
1570.0	-21.77197	
1571.0	-22.37259	
1572.0	-22.02553	
1573.0	-22.5471	
1574.0	-22.83631	
1575.0	-22.55341	
1576.0	-23.49832	
1577.0	-23.62333	
1578.0	-24.28565	
1579.0	-24.69392	


Test_Splitter_Bot_6: 
1520.0	-17.59531	
1521.0	-18.56218	
1522.0	-18.93388	
1523.0	-19.58726	
1524.0	-18.8429	
1525.0	-20.36722	
1526.0	-18.87735	
1527.0	-19.52733	
1528.0	-18.46717	
1529.0	-18.38532	
1530.0	-18.30705	
1531.0	-17.50674	
1532.0	-17.93362	
1533.0	-17.0897	
1534.0	-17.00497	
1535.0	-16.61182	
1536.0	-16.49728	
1537.0	-16.4896	
1538.0	-16.46745	
1539.0	-15.96564	
1540.0	-15.89332	
1541.0	-15.82283	
1542.0	-15.94093	
1543.0	-16.18209	
1544.0	-15.39222	
1545.0	-15.37641	
1546.0	-15.3679	
1547.0	-16.08962	
1548.0	-15.76908	
1549.0	-15.79982	
1550.0	-15.9325	
1551.0	-15.47701	
1552.0	-16.40355	
1553.0	-16.14383	
1554.0	-16.31488	
1555.0	-15.98892	
1556.0	-15.82714	
1557.0	-16.27244	
1558.0	-15.66866	
1559.0	-16.71272	
1560.0	-16.4386	
1561.0	-16.53099	
1562.0	-16.65607	
1563.0	-16.3723	
1564.0	-17.25797	
1565.0	-16.83323	
1566.0	-17.41205	
1567.0	-17.52919	
1568.0	-17.39643	
1569.0	-17.98084	
1570.0	-17.69962	
1571.0	-18.47093	
1572.0	-18.78519	
1573.0	-19.00162	
1574.0	-19.55144	
1575.0	-19.64198	
1576.0	-20.12574	
1577.0	-20.4357	
1578.0	-20.82323	
1579.0	-21.30847	


Test_Splitter_Bot_7: 
1520.0	-14.40684	
1521.0	-15.15603	
1522.0	-15.3891	
1523.0	-16.11163	
1524.0	-15.84285	
1525.0	-16.80178	
1526.0	-15.9636	
1527.0	-15.8091	
1528.0	-15.299	
1529.0	-15.35248	
1530.0	-14.96626	
1531.0	-14.36199	
1532.0	-14.08542	
1533.0	-14.25805	
1534.0	-13.63295	
1535.0	-13.58946	
1536.0	-13.25848	
1537.0	-12.89905	
1538.0	-13.51162	
1539.0	-12.48802	
1540.0	-12.88399	
1541.0	-12.67112	
1542.0	-12.46637	
1543.0	-12.96675	
1544.0	-12.32029	
1545.0	-12.55685	
1546.0	-12.47886	
1547.0	-12.41256	
1548.0	-12.70589	
1549.0	-12.11835	
1550.0	-12.87592	
1551.0	-12.28307	
1552.0	-12.79548	
1553.0	-12.78985	
1554.0	-12.37254	
1555.0	-12.8675	
1556.0	-12.54344	
1557.0	-13.21926	
1558.0	-13.01299	
1559.0	-13.01353	
1560.0	-13.14845	
1561.0	-12.93506	
1562.0	-13.47062	
1563.0	-13.59891	
1564.0	-13.85714	
1565.0	-13.72965	
1566.0	-13.87557	
1567.0	-14.17884	
1568.0	-14.16377	
1569.0	-14.36974	
1570.0	-14.84088	
1571.0	-14.77284	
1572.0	-14.84196	
1573.0	-15.22674	
1574.0	-15.46978	
1575.0	-16.1291	
1576.0	-16.33046	
1577.0	-16.63475	
1578.0	-17.18372	
1579.0	-17.28633	


Set_EDFA_Power: 
